{"message":"Server Running","level":"info"}
{"message":"Server Running on port : 3001","level":"info"}
{"message":"Start Quiz Error : ID:040fa86837-bc1824f262-39116ea8aa-c3380574ca | Missing Quiz ID","level":"error"}
{"message":"Starting Quiz for ID : e423ee4718-2845fee9b1-9c5317d5cd-a9d450eb37","level":"info"}
{"message":"Next Question for ID: e423ee4718-2845fee9b1-9c5317d5cd-a9d450eb37 | QID: 3816b8392888d7b2","level":"info"}
{"message":"Submit Question for ID: e423ee4718-2845fee9b1-9c5317d5cd-a9d450eb37 | QID: 3816b8392888d7b2","level":"info"}
{"message":"Server Running on port : 3001","level":"info"}
{"message":"Server Running on port : 3001","level":"info"}
{"message":"Server Running on port : 3001","level":"info"}
{"message":"Submitting User Info fn: xxx ln: xxx e: xxx@xxx.com","level":"info"}
{"message":"Submitting User Info fn: alsdkfj ln: alkdf e: aksdf@asd.com","level":"info"}
{"message":"Starting Quiz for ID : 25c7d1c59e-bde18907c2-63da85b533-4250ea0437","level":"info"}
{"message":"Next Question for ID: 25c7d1c59e-bde18907c2-63da85b533-4250ea0437 | QID: 111ea066790bb203","level":"info"}
{"message":"Submit Question for ID: 25c7d1c59e-bde18907c2-63da85b533-4250ea0437 | QID: 111ea066790bb203","level":"info"}
{"message":"Submitting User Info fn: 5f52c59837982cbb ln: cd282d132db508f4 e: dbde8663f28b040e@test.com","level":"info"}
{"message":"Starting Quiz for ID : 8466508b63-8ff01ce01a-5a12ac989f-4881aa41cb","level":"info"}
{"message":"Start Quiz Error : ID:d032d45e762a8eb6 | Missing or Invalid Quiz ID","level":"error"}
{"message":"Start Quiz Error : ID:8466508b63-8ff01ce01a-5a12ac989f-4881aa41cb | Missing or Invalid Quiz ID","level":"error"}
{"message":"Next Question for ID: 8466508b63-8ff01ce01a-5a12ac989f-4881aa41cb | QID: 7a00295e0fb56258","level":"info"}
{"message":"Server Running on port : 3001","level":"info"}
{"message":"Submitting User Info fn: alsdkfj ln: alkdf e: aksdf@asd.com","level":"info"}
{"message":"Starting Quiz for ID : 3d5253cf4c-20430c3cf2-1bfc866ff9-7babe0205f","level":"info"}
{"message":"Start Quiz Error : ID:3d5253cf4c-20430c3cf2-1bfc866ff9-7babe0205f | Missing or Invalid Quiz ID","level":"error"}
{"message":"Next Question for ID: 3d5253cf4c-20430c3cf2-1bfc866ff9-7babe0205f | QID: e007b1b82fdec4da","level":"info"}
{"message":"Next Question for ID: 3d5253cf4c-20430c3cf2-1bfc866ff9-7babe0205f | QID: e007b1b82fdec4da","level":"info"}
{"message":"Submit Question for ID: 3d5253cf4c-20430c3cf2-1bfc866ff9-7babe0205f | QID: e007b1b82fdec4da","level":"info"}
{"message":"Server Running on port : 3001","level":"info"}
{"message":"Server Running on port : 3001","level":"info"}
{"message":"Server Running on port : 3001","level":"info"}
{"message":"Submitting User Info fn: alsdkfj ln: alkdf e: aksdf@asd.com","level":"info"}
{"message":"Start Quiz Error : ID:3d5253cf4c-20430c3cf2-1bfc866ff9-7babe0205f | Missing or Invalid Quiz ID","level":"error"}
{"message":"Server Running on port : 3001","level":"info"}
